<?xml version="1.0" encoding="UTF-8"?>
<!-- Generated by org.testng.reporters.JUnitReportReporter -->
<testsuite hostname="LAPTOP-0062FF7B" failures="0" tests="1" name="Scripts.Test0" time="0.007" errors="0" timestamp="2022-08-02T11:06:08 IST" skipped="0">
  <testcase classname="Scripts.Test0" name="TestCase1" time="0.007"/>
  <system-out>
    <![CDATA[Hello Java]]>
  </system-out>
</testsuite> <!-- Scripts.Test0 -->
