<?xml version="1.0" encoding="UTF-8"?>
<!-- Generated by org.testng.reporters.JUnitReportReporter -->
<testsuite hostname="LAPTOP-0062FF7B" failures="0" tests="1" name="Scripts.Test2" time="0.001" errors="0" timestamp="2022-07-27T16:14:24 IST" skipped="0">
  <testcase classname="Scripts.Test2" name="TestCase1" time="0.001"/>
  <system-out>
    <![CDATA[Hello Python]]>
  </system-out>
</testsuite> <!-- Scripts.Test2 -->
