<?xml version="1.0" encoding="UTF-8"?>
<!-- Generated by org.testng.reporters.JUnitReportReporter -->
<testsuite hostname="LAPTOP-0062FF7B" failures="0" tests="1" name="Scripts.Test1" time="0.002" errors="0" timestamp="2022-07-27T17:11:55 IST" skipped="0">
  <testcase classname="Scripts.Test1" name="TestCase2" time="0.002"/>
  <system-out>
    <![CDATA[Hello Selenium]]>
  </system-out>
</testsuite> <!-- Scripts.Test1 -->
