<?xml version="1.0" encoding="UTF-8"?>
<!-- Generated by org.testng.reporters.JUnitReportReporter -->
<testsuite hostname="LAPTOP-0062FF7B" failures="0" tests="1" name="Scripts.Tc1" time="11.680" errors="0" timestamp="2022-08-02T10:56:05 IST" skipped="0">
  <testcase classname="Scripts.Tc1" name="OpenApp" time="11.680"/>
  <system-out/>
</testsuite> <!-- Scripts.Tc1 -->
